
[1/9] Checking required tools...

[2/9] Creating React Native app VerifyFinalDefault (RN 0.76.9)...
                                                          
               ######                ######               
             ###     ####        ####     ###             
            ##          ###    ###          ##            
            ##             ####             ##            
            ##             ####             ##            
            ##           ##    ##           ##            
            ##         ###      ###         ##            
             ##  ########################  ##             
          ######    ###            ###    ######          
      ###     ##    ##              ##    ##     ###      
   ###         ## ###      ####      ### ##         ###   
  ##           ####      ########      ####           ##  
 ##             ###     ##########     ###             ## 
  ##           ####      ########      ####           ##  
   ###         ## ###      ####      ### ##         ###   
      ###     ##    ##              ##    ##     ###      
          ######    ###            ###    ######          
             ##  ########################  ##             
            ##         ###      ###         ##            
            ##           ##    ##           ##            
            ##             ####             ##            
            ##             ####             ##            
            ##          ###    ###          ##            
             ###     ####        ####     ###             
               ######                ######               
                                                          

              Welcome to React Native 0.76.9!                
                 Learn once, write anywhere               

- Downloading template
✔ Downloading template
- Copying template
✔ Copying template
- Processing template
✔ Processing template
✔ Dependencies installation skipped
- Initializing Git repository
✔ Initializing Git repository

  
  Run instructions for Android:
    • Have an Android emulator running (quickest way to get started), or a device connected.
    • cd "C:\projects\Remys\.tmp-verify-final-default\VerifyFinalDefault" && npx react-native run-android
  
  Run instructions for Windows:
    • See https://aka.ms/ReactNativeGuideWindows for the latest up-to-date instructions.
    
  

[3/9] Installing runtime dependencies (exact versions)...
npm warn deprecated inflight@1.0.6: This module is not supported, and leaks memory. Do not use it. Check out lru-cache if you want a good and tested way to coalesce async requests by a key value, which is much more comprehensive and powerful.
npm warn deprecated @babel/plugin-proposal-nullish-coalescing-operator@7.18.6: This proposal has been merged to the ECMAScript standard and thus this plugin is no longer maintained. Please use @babel/plugin-transform-nullish-coalescing-operator instead.
npm warn deprecated @babel/plugin-proposal-class-properties@7.18.6: This proposal has been merged to the ECMAScript standard and thus this plugin is no longer maintained. Please use @babel/plugin-transform-class-properties instead.
npm warn deprecated @humanwhocodes/config-array@0.13.0: Use @eslint/config-array instead
npm warn deprecated rimraf@2.6.3: Rimraf versions prior to v4 are no longer supported
npm warn deprecated @babel/plugin-proposal-optional-chaining@7.21.0: This proposal has been merged to the ECMAScript standard and thus this plugin is no longer maintained. Please use @babel/plugin-transform-optional-chaining instead.
npm warn deprecated rimraf@3.0.2: Rimraf versions prior to v4 are no longer supported
npm warn deprecated glob@7.2.3: Old versions of glob are not supported, and contain widely publicized security vulnerabilities, which have been fixed in the current version. Please update. Support for old versions may be purchased (at exorbitant rates) by contacting i@izs.me
npm warn deprecated sudo-prompt@9.2.1: Package no longer supported. Contact Support at https://www.npmjs.com/support for more info.
npm warn deprecated @humanwhocodes/object-schema@2.0.3: Use @eslint/object-schema instead
npm warn deprecated react-native-vector-icons@10.3.0: react-native-vector-icons package has moved to a new model of per-icon-family packages. See the https://github.com/oblador/react-native-vector-icons/blob/master/MIGRATION.md on how to migrate
npm warn deprecated eslint@8.57.1: This version is no longer supported. Please see https://eslint.org/version-support for other options.

added 978 packages in 2m

[4/9] Installing dev dependencies (exact versions)...
npm warn ERESOLVE overriding peer dependency
npm warn ERESOLVE overriding peer dependency
npm warn ERESOLVE overriding peer dependency
npm warn ERESOLVE overriding peer dependency
npm warn deprecated @humanwhocodes/config-array@0.9.5: Use @eslint/config-array instead
npm warn deprecated @humanwhocodes/object-schema@1.2.1: Use @eslint/object-schema instead
npm warn deprecated eslint@8.19.0: This version is no longer supported. Please see https://eslint.org/version-support for other options.

added 23 packages, removed 18 packages, and changed 13 packages in 12s

[5/9] Pinning Android build toolchain versions...
$ErrorActionPreference = 'Stop'
$root = Get-Location

$buildGradle = Join-Path $root 'android/build.gradle'
$wrapperProps = Join-Path $root 'android/gradle/wrapper/gradle-wrapper.properties'
$gradleProps = Join-Path $root 'android/gradle.properties'

$c = Get-Content -Raw $buildGradle
$c = [regex]::Replace($c, 'buildToolsVersion\s*=\s*"[^"]+"', 'buildToolsVersion = "35.0.0"')
$c = [regex]::Replace($c, 'minSdkVersion\s*=\s*\d+', 'minSdkVersion = 24'
$c = [regex]::Replace($c, 'compileSdkVersion\s*=\s*\d+', 'compileSdkVersion = 35')
$c = [regex]::Replace($c, 'targetSdkVersion\s*=\s*\d+', 'targetSdkVersion = 34')
$c = [regex]::Replace($c, 'ndkVersion\s*=\s*"[^"]+"', 'ndkVersion = "26.1.10909125"')
$c = [regex]::Replace($c, 'kotlinVersion\s*=\s*"[^"]+"', 'kotlinVersion = "1.9.25"')
Set-Content -Path $buildGradle -Value $c

$w = Get-Content -Raw $wrapperProps
$w = [regex]::Replace($w, 'distributionUrl=.*', 'distributionUrl=https\\://services.gradle.org/distributions/gradle-8.10.2-all.zip')
Set-Content -Path $wrapperProps -Value $w

$g = Get-Content -Raw $gradleProps
$g = [regex]::Replace($g, 'org\.gradle\.jvmargs=.*', 'org.gradle.jvmargs=-Xmx2048m -XX:MaxMetaspaceSize=512m')
$g = [regex]::Replace($g, 'reactNativeArchitectures=.*', 'reactNativeArchitectures=armeabi-v7a,arm64-v8a,x86,x86_64')
$g = [regex]::Replace($g, 'newArchEnabled=.*', 'newArchEnabled=true')
$g = [regex]::Replace($g, 'hermesEnabled=.*', 'hermesEnabled=true')
if ($g -notmatch 'reactNativeArchitectures=') { $g = $g.TrimEnd() + "`r`nreactNativeArchitectures=armeabi-v7a,arm64-v8a,x86,x86_64`r`n" }
if ($g -notmatch 'newArchEnabled=') { $g = $g.TrimEnd() + "`r`nnewArchEnabled=true`r`n" }
if ($g -notmatch 'hermesEnabled=') { $g = $g.TrimEnd() + "`r`nhermesEnabled=true`r`n" }
Set-Content -Path $gradleProps -Value $g
The argument 'C:\Users\ACERLA~1\AppData\Local\Temp\pin_remys_android_154217637.ps1' to the -File parameter does not exist. Provide the path to an existing '.ps1' file as an argument to the -File parameter.
Windows PowerShell
Copyright (C) Microsoft Corporation. All rights reserved.

Install the latest PowerShell for new features and improvements! https://aka.ms/PSWindows

ERROR: Failed to pin Android build versions.
